cd userprog; make depend 
make[1]: Entering directory '/home/f85/pjfavalo/cs444/nachos2/userprog'
g++ -I../bin -I../filesys -I../userprog -I../threads -I../machine -DUSER_PROGRAM -DFILESYS_NEEDED -DFILESYS_STUB -DHOST_i386 -DCHANGED -M ../threads/main.cc ../threads/list.cc ../threads/scheduler.cc ../threads/synch.cc ../threads/synchlist.cc ../threads/system.cc ../threads/thread.cc ../threads/utility.cc ../threads/threadtest.cc ../machine/interrupt.cc ../machine/sysdep.cc ../machine/stats.cc ../threads/elevatormanager.cc ../machine/timer.cc ../userprog/addrspace.cc ../userprog/bitmap.cc ../userprog/exception.cc ../userprog/progtest.cc ../machine/console.cc ../machine/machine.cc ../machine/mipssim.cc ../machine/translate.cc ../userprog/synchconsole.cc > makedep
echo '/^# DO NOT DELETE THIS LINE/+2,$d' >eddep
echo '$r makedep' >>eddep
echo 'w' >>eddep
ed - Makefile < eddep
rm eddep makedep 
echo '# DEPENDENCIES MUST END AT END OF FILE' >> Makefile
echo '# IF YOU PUT STUFF HERE IT WILL GO AWAY' >> Makefile
echo '# see make depend above' >> Makefile
make[1]: Leaving directory '/home/f85/pjfavalo/cs444/nachos2/userprog'
cd userprog; make nachos 
make[1]: Entering directory '/home/f85/pjfavalo/cs444/nachos2/userprog'
g++ -g -Wall -m32 -Wshadow -I../bin -I../filesys -I../userprog -I../threads -I../machine -DUSER_PROGRAM -DFILESYS_NEEDED -DFILESYS_STUB -DHOST_i386 -DCHANGED -c ../machine/sysdep.cc
In file included from ../threads/synch.h:24:0,
                 from ../userprog/synchconsole.h:5,
                 from ../threads/system.h:35,
                 from ../machine/sysdep.cc:77:
/usr/include/c++/4.8/limits:309:11: error: macro "min" requires 2 arguments, but only 1 given
       min() _GLIBCXX_USE_NOEXCEPT { return _Tp(); }
           ^
/usr/include/c++/4.8/limits:313:11: error: macro "max" requires 2 arguments, but only 1 given
       max() _GLIBCXX_USE_NOEXCEPT { return _Tp(); }
           ^
/usr/include/c++/4.8/limits:376:11: error: macro "min" requires 2 arguments, but only 1 given
       min() _GLIBCXX_USE_NOEXCEPT { return false; }
           ^
/usr/include/c++/4.8/limits:379:11: error: macro "max" requires 2 arguments, but only 1 given
       max() _GLIBCXX_USE_NOEXCEPT { return true; }
           ^
/usr/include/c++/4.8/limits:445:11: error: macro "min" requires 2 arguments, but only 1 given
       min() _GLIBCXX_USE_NOEXCEPT { return __glibcxx_min(char); }
           ^
/usr/include/c++/4.8/limits:448:11: error: macro "max" requires 2 arguments, but only 1 given
       max() _GLIBCXX_USE_NOEXCEPT { return __glibcxx_max(char); }
           ^
/usr/include/c++/4.8/limits:512:11: error: macro "min" requires 2 arguments, but only 1 given
       min() _GLIBCXX_USE_NOEXCEPT { return -__SCHAR_MAX__ - 1; }
           ^
/usr/include/c++/4.8/limits:515:11: error: macro "max" requires 2 arguments, but only 1 given
       max() _GLIBCXX_USE_NOEXCEPT { return __SCHAR_MAX__; }
           ^
/usr/include/c++/4.8/limits:582:11: error: macro "min" requires 2 arguments, but only 1 given
       min() _GLIBCXX_USE_NOEXCEPT { return 0; }
           ^
/usr/include/c++/4.8/limits:585:11: error: macro "max" requires 2 arguments, but only 1 given
       max() _GLIBCXX_USE_NOEXCEPT { return __SCHAR_MAX__ * 2U + 1; }
           ^
/usr/include/c++/4.8/limits:655:11: error: macro "min" requires 2 arguments, but only 1 given
       min() _GLIBCXX_USE_NOEXCEPT { return __glibcxx_min (wchar_t); }
           ^
/usr/include/c++/4.8/limits:658:11: error: macro "max" requires 2 arguments, but only 1 given
       max() _GLIBCXX_USE_NOEXCEPT { return __glibcxx_max (wchar_t); }
           ^
/usr/include/c++/4.8/limits:847:11: error: macro "min" requires 2 arguments, but only 1 given
       min() _GLIBCXX_USE_NOEXCEPT { return -__SHRT_MAX__ - 1; }
           ^
/usr/include/c++/4.8/limits:850:11: error: macro "max" requires 2 arguments, but only 1 given
       max() _GLIBCXX_USE_NOEXCEPT { return __SHRT_MAX__; }
           ^
/usr/include/c++/4.8/limits:914:11: error: macro "min" requires 2 arguments, but only 1 given
       min() _GLIBCXX_USE_NOEXCEPT { return 0; }
           ^
/usr/include/c++/4.8/limits:917:11: error: macro "max" requires 2 arguments, but only 1 given
       max() _GLIBCXX_USE_NOEXCEPT { return __SHRT_MAX__ * 2U + 1; }
           ^
/usr/include/c++/4.8/limits:987:11: error: macro "min" requires 2 arguments, but only 1 given
       min() _GLIBCXX_USE_NOEXCEPT { return -__INT_MAX__ - 1; }
           ^
/usr/include/c++/4.8/limits:990:11: error: macro "max" requires 2 arguments, but only 1 given
       max() _GLIBCXX_USE_NOEXCEPT { return __INT_MAX__; }
           ^
/usr/include/c++/4.8/limits:1054:11: error: macro "min" requires 2 arguments, but only 1 given
       min() _GLIBCXX_USE_NOEXCEPT { return 0; }
           ^
/usr/include/c++/4.8/limits:1057:11: error: macro "max" requires 2 arguments, but only 1 given
       max() _GLIBCXX_USE_NOEXCEPT { return __INT_MAX__ * 2U + 1; }
           ^
/usr/include/c++/4.8/limits:1126:11: error: macro "min" requires 2 arguments, but only 1 given
       min() _GLIBCXX_USE_NOEXCEPT { return -__LONG_MAX__ - 1; }
           ^
/usr/include/c++/4.8/limits:1129:11: error: macro "max" requires 2 arguments, but only 1 given
       max() _GLIBCXX_USE_NOEXCEPT { return __LONG_MAX__; }
           ^
/usr/include/c++/4.8/limits:1193:11: error: macro "min" requires 2 arguments, but only 1 given
       min() _GLIBCXX_USE_NOEXCEPT { return 0; }
           ^
/usr/include/c++/4.8/limits:1196:11: error: macro "max" requires 2 arguments, but only 1 given
       max() _GLIBCXX_USE_NOEXCEPT { return __LONG_MAX__ * 2UL + 1; }
           ^
/usr/include/c++/4.8/limits:1266:11: error: macro "min" requires 2 arguments, but only 1 given
       min() _GLIBCXX_USE_NOEXCEPT { return -__LONG_LONG_MAX__ - 1; }
           ^
/usr/include/c++/4.8/limits:1269:11: error: macro "max" requires 2 arguments, but only 1 given
       max() _GLIBCXX_USE_NOEXCEPT { return __LONG_LONG_MAX__; }
           ^
/usr/include/c++/4.8/limits:1336:11: error: macro "min" requires 2 arguments, but only 1 given
       min() _GLIBCXX_USE_NOEXCEPT { return 0; }
           ^
/usr/include/c++/4.8/limits:1339:11: error: macro "max" requires 2 arguments, but only 1 given
       max() _GLIBCXX_USE_NOEXCEPT { return __LONG_LONG_MAX__ * 2ULL + 1; }
           ^
/usr/include/c++/4.8/limits:1558:11: error: macro "min" requires 2 arguments, but only 1 given
       min() _GLIBCXX_USE_NOEXCEPT { return __FLT_MIN__; }
           ^
/usr/include/c++/4.8/limits:1561:11: error: macro "max" requires 2 arguments, but only 1 given
       max() _GLIBCXX_USE_NOEXCEPT { return __FLT_MAX__; }
           ^
/usr/include/c++/4.8/limits:1633:11: error: macro "min" requires 2 arguments, but only 1 given
       min() _GLIBCXX_USE_NOEXCEPT { return __DBL_MIN__; }
           ^
/usr/include/c++/4.8/limits:1636:11: error: macro "max" requires 2 arguments, but only 1 given
       max() _GLIBCXX_USE_NOEXCEPT { return __DBL_MAX__; }
           ^
/usr/include/c++/4.8/limits:1708:11: error: macro "min" requires 2 arguments, but only 1 given
       min() _GLIBCXX_USE_NOEXCEPT { return __LDBL_MIN__; }
           ^
/usr/include/c++/4.8/limits:1711:11: error: macro "max" requires 2 arguments, but only 1 given
       max() _GLIBCXX_USE_NOEXCEPT { return __LDBL_MAX__; }
           ^
/usr/include/c++/4.8/limits:309:7: error: expected ‘;’ at end of member declaration
       min() _GLIBCXX_USE_NOEXCEPT { return _Tp(); }
       ^
In file included from /usr/include/c++/4.8/new:39:0,
                 from ../machine/sysdep.cc:43:
/usr/include/c++/4.8/limits:309:13: error: expected unqualified-id before ‘throw’
       min() _GLIBCXX_USE_NOEXCEPT { return _Tp(); }
             ^
In file included from ../threads/synch.h:24:0,
                 from ../userprog/synchconsole.h:5,
                 from ../threads/system.h:35,
                 from ../machine/sysdep.cc:77:
/usr/include/c++/4.8/limits:313:7: error: expected ‘;’ at end of member declaration
       max() _GLIBCXX_USE_NOEXCEPT { return _Tp(); }
       ^
In file included from /usr/include/c++/4.8/new:39:0,
                 from ../machine/sysdep.cc:43:
/usr/include/c++/4.8/limits:313:13: error: expected unqualified-id before ‘throw’
       max() _GLIBCXX_USE_NOEXCEPT { return _Tp(); }
             ^
In file included from ../threads/synch.h:24:0,
                 from ../userprog/synchconsole.h:5,
                 from ../threads/system.h:35,
                 from ../machine/sysdep.cc:77:
/usr/include/c++/4.8/limits:376:7: error: expected ‘;’ at end of member declaration
       min() _GLIBCXX_USE_NOEXCEPT { return false; }
       ^
In file included from /usr/include/c++/4.8/new:39:0,
                 from ../machine/sysdep.cc:43:
/usr/include/c++/4.8/limits:376:13: error: expected unqualified-id before ‘throw’
       min() _GLIBCXX_USE_NOEXCEPT { return false; }
             ^
In file included from ../threads/synch.h:24:0,
                 from ../userprog/synchconsole.h:5,
                 from ../threads/system.h:35,
                 from ../machine/sysdep.cc:77:
/usr/include/c++/4.8/limits:379:7: error: expected ‘;’ at end of member declaration
       max() _GLIBCXX_USE_NOEXCEPT { return true; }
       ^
In file included from /usr/include/c++/4.8/new:39:0,
                 from ../machine/sysdep.cc:43:
/usr/include/c++/4.8/limits:379:13: error: expected unqualified-id before ‘throw’
       max() _GLIBCXX_USE_NOEXCEPT { return true; }
             ^
In file included from ../threads/synch.h:24:0,
                 from ../userprog/synchconsole.h:5,
                 from ../threads/system.h:35,
                 from ../machine/sysdep.cc:77:
/usr/include/c++/4.8/limits:445:7: error: expected ‘;’ at end of member declaration
       min() _GLIBCXX_USE_NOEXCEPT { return __glibcxx_min(char); }
       ^
In file included from /usr/include/c++/4.8/new:39:0,
                 from ../machine/sysdep.cc:43:
/usr/include/c++/4.8/limits:445:13: error: expected unqualified-id before ‘throw’
       min() _GLIBCXX_USE_NOEXCEPT { return __glibcxx_min(char); }
             ^
In file included from ../threads/synch.h:24:0,
                 from ../userprog/synchconsole.h:5,
                 from ../threads/system.h:35,
                 from ../machine/sysdep.cc:77:
/usr/include/c++/4.8/limits:448:7: error: expected ‘;’ at end of member declaration
       max() _GLIBCXX_USE_NOEXCEPT { return __glibcxx_max(char); }
       ^
In file included from /usr/include/c++/4.8/new:39:0,
                 from ../machine/sysdep.cc:43:
/usr/include/c++/4.8/limits:448:13: error: expected unqualified-id before ‘throw’
       max() _GLIBCXX_USE_NOEXCEPT { return __glibcxx_max(char); }
             ^
In file included from ../threads/synch.h:24:0,
                 from ../userprog/synchconsole.h:5,
                 from ../threads/system.h:35,
                 from ../machine/sysdep.cc:77:
/usr/include/c++/4.8/limits:512:7: error: expected ‘;’ at end of member declaration
       min() _GLIBCXX_USE_NOEXCEPT { return -__SCHAR_MAX__ - 1; }
       ^
In file included from /usr/include/c++/4.8/new:39:0,
                 from ../machine/sysdep.cc:43:
/usr/include/c++/4.8/limits:512:13: error: expected unqualified-id before ‘throw’
       min() _GLIBCXX_USE_NOEXCEPT { return -__SCHAR_MAX__ - 1; }
             ^
In file included from ../threads/synch.h:24:0,
                 from ../userprog/synchconsole.h:5,
                 from ../threads/system.h:35,
                 from ../machine/sysdep.cc:77:
/usr/include/c++/4.8/limits:515:7: error: expected ‘;’ at end of member declaration
       max() _GLIBCXX_USE_NOEXCEPT { return __SCHAR_MAX__; }
       ^
In file included from /usr/include/c++/4.8/new:39:0,
                 from ../machine/sysdep.cc:43:
/usr/include/c++/4.8/limits:515:13: error: expected unqualified-id before ‘throw’
       max() _GLIBCXX_USE_NOEXCEPT { return __SCHAR_MAX__; }
             ^
In file included from ../threads/synch.h:24:0,
                 from ../userprog/synchconsole.h:5,
                 from ../threads/system.h:35,
                 from ../machine/sysdep.cc:77:
/usr/include/c++/4.8/limits:582:7: error: expected ‘;’ at end of member declaration
       min() _GLIBCXX_USE_NOEXCEPT { return 0; }
       ^
In file included from /usr/include/c++/4.8/new:39:0,
                 from ../machine/sysdep.cc:43:
/usr/include/c++/4.8/limits:582:13: error: expected unqualified-id before ‘throw’
       min() _GLIBCXX_USE_NOEXCEPT { return 0; }
             ^
In file included from ../threads/synch.h:24:0,
                 from ../userprog/synchconsole.h:5,
                 from ../threads/system.h:35,
                 from ../machine/sysdep.cc:77:
/usr/include/c++/4.8/limits:585:7: error: expected ‘;’ at end of member declaration
       max() _GLIBCXX_USE_NOEXCEPT { return __SCHAR_MAX__ * 2U + 1; }
       ^
In file included from /usr/include/c++/4.8/new:39:0,
                 from ../machine/sysdep.cc:43:
/usr/include/c++/4.8/limits:585:13: error: expected unqualified-id before ‘throw’
       max() _GLIBCXX_USE_NOEXCEPT { return __SCHAR_MAX__ * 2U + 1; }
             ^
In file included from ../threads/synch.h:24:0,
                 from ../userprog/synchconsole.h:5,
                 from ../threads/system.h:35,
                 from ../machine/sysdep.cc:77:
/usr/include/c++/4.8/limits:655:7: error: expected ‘;’ at end of member declaration
       min() _GLIBCXX_USE_NOEXCEPT { return __glibcxx_min (wchar_t); }
       ^
In file included from /usr/include/c++/4.8/new:39:0,
                 from ../machine/sysdep.cc:43:
/usr/include/c++/4.8/limits:655:13: error: expected unqualified-id before ‘throw’
       min() _GLIBCXX_USE_NOEXCEPT { return __glibcxx_min (wchar_t); }
             ^
In file included from ../threads/synch.h:24:0,
                 from ../userprog/synchconsole.h:5,
                 from ../threads/system.h:35,
                 from ../machine/sysdep.cc:77:
/usr/include/c++/4.8/limits:658:7: error: expected ‘;’ at end of member declaration
       max() _GLIBCXX_USE_NOEXCEPT { return __glibcxx_max (wchar_t); }
       ^
In file included from /usr/include/c++/4.8/new:39:0,
                 from ../machine/sysdep.cc:43:
/usr/include/c++/4.8/limits:658:13: error: expected unqualified-id before ‘throw’
       max() _GLIBCXX_USE_NOEXCEPT { return __glibcxx_max (wchar_t); }
             ^
In file included from ../threads/synch.h:24:0,
                 from ../userprog/synchconsole.h:5,
                 from ../threads/system.h:35,
                 from ../machine/sysdep.cc:77:
/usr/include/c++/4.8/limits:847:7: error: expected ‘;’ at end of member declaration
       min() _GLIBCXX_USE_NOEXCEPT { return -__SHRT_MAX__ - 1; }
       ^
In file included from /usr/include/c++/4.8/new:39:0,
                 from ../machine/sysdep.cc:43:
/usr/include/c++/4.8/limits:847:13: error: expected unqualified-id before ‘throw’
       min() _GLIBCXX_USE_NOEXCEPT { return -__SHRT_MAX__ - 1; }
             ^
In file included from ../threads/synch.h:24:0,
                 from ../userprog/synchconsole.h:5,
                 from ../threads/system.h:35,
                 from ../machine/sysdep.cc:77:
/usr/include/c++/4.8/limits:850:7: error: expected ‘;’ at end of member declaration
       max() _GLIBCXX_USE_NOEXCEPT { return __SHRT_MAX__; }
       ^
In file included from /usr/include/c++/4.8/new:39:0,
                 from ../machine/sysdep.cc:43:
/usr/include/c++/4.8/limits:850:13: error: expected unqualified-id before ‘throw’
       max() _GLIBCXX_USE_NOEXCEPT { return __SHRT_MAX__; }
             ^
In file included from ../threads/synch.h:24:0,
                 from ../userprog/synchconsole.h:5,
                 from ../threads/system.h:35,
                 from ../machine/sysdep.cc:77:
/usr/include/c++/4.8/limits:914:7: error: expected ‘;’ at end of member declaration
       min() _GLIBCXX_USE_NOEXCEPT { return 0; }
       ^
In file included from /usr/include/c++/4.8/new:39:0,
                 from ../machine/sysdep.cc:43:
/usr/include/c++/4.8/limits:914:13: error: expected unqualified-id before ‘throw’
       min() _GLIBCXX_USE_NOEXCEPT { return 0; }
             ^
In file included from ../threads/synch.h:24:0,
                 from ../userprog/synchconsole.h:5,
                 from ../threads/system.h:35,
                 from ../machine/sysdep.cc:77:
/usr/include/c++/4.8/limits:917:7: error: expected ‘;’ at end of member declaration
       max() _GLIBCXX_USE_NOEXCEPT { return __SHRT_MAX__ * 2U + 1; }
       ^
In file included from /usr/include/c++/4.8/new:39:0,
                 from ../machine/sysdep.cc:43:
/usr/include/c++/4.8/limits:917:13: error: expected unqualified-id before ‘throw’
       max() _GLIBCXX_USE_NOEXCEPT { return __SHRT_MAX__ * 2U + 1; }
             ^
In file included from ../threads/synch.h:24:0,
                 from ../userprog/synchconsole.h:5,
                 from ../threads/system.h:35,
                 from ../machine/sysdep.cc:77:
/usr/include/c++/4.8/limits:987:7: error: expected ‘;’ at end of member declaration
       min() _GLIBCXX_USE_NOEXCEPT { return -__INT_MAX__ - 1; }
       ^
In file included from /usr/include/c++/4.8/new:39:0,
                 from ../machine/sysdep.cc:43:
/usr/include/c++/4.8/limits:987:13: error: expected unqualified-id before ‘throw’
       min() _GLIBCXX_USE_NOEXCEPT { return -__INT_MAX__ - 1; }
             ^
In file included from ../threads/synch.h:24:0,
                 from ../userprog/synchconsole.h:5,
                 from ../threads/system.h:35,
                 from ../machine/sysdep.cc:77:
/usr/include/c++/4.8/limits:990:7: error: expected ‘;’ at end of member declaration
       max() _GLIBCXX_USE_NOEXCEPT { return __INT_MAX__; }
       ^
In file included from /usr/include/c++/4.8/new:39:0,
                 from ../machine/sysdep.cc:43:
/usr/include/c++/4.8/limits:990:13: error: expected unqualified-id before ‘throw’
       max() _GLIBCXX_USE_NOEXCEPT { return __INT_MAX__; }
             ^
In file included from ../threads/synch.h:24:0,
                 from ../userprog/synchconsole.h:5,
                 from ../threads/system.h:35,
                 from ../machine/sysdep.cc:77:
/usr/include/c++/4.8/limits:1054:7: error: expected ‘;’ at end of member declaration
       min() _GLIBCXX_USE_NOEXCEPT { return 0; }
       ^
In file included from /usr/include/c++/4.8/new:39:0,
                 from ../machine/sysdep.cc:43:
/usr/include/c++/4.8/limits:1054:13: error: expected unqualified-id before ‘throw’
       min() _GLIBCXX_USE_NOEXCEPT { return 0; }
             ^
In file included from ../threads/synch.h:24:0,
                 from ../userprog/synchconsole.h:5,
                 from ../threads/system.h:35,
                 from ../machine/sysdep.cc:77:
/usr/include/c++/4.8/limits:1057:7: error: expected ‘;’ at end of member declaration
       max() _GLIBCXX_USE_NOEXCEPT { return __INT_MAX__ * 2U + 1; }
       ^
In file included from /usr/include/c++/4.8/new:39:0,
                 from ../machine/sysdep.cc:43:
/usr/include/c++/4.8/limits:1057:13: error: expected unqualified-id before ‘throw’
       max() _GLIBCXX_USE_NOEXCEPT { return __INT_MAX__ * 2U + 1; }
             ^
In file included from ../threads/synch.h:24:0,
                 from ../userprog/synchconsole.h:5,
                 from ../threads/system.h:35,
                 from ../machine/sysdep.cc:77:
/usr/include/c++/4.8/limits:1126:7: error: expected ‘;’ at end of member declaration
       min() _GLIBCXX_USE_NOEXCEPT { return -__LONG_MAX__ - 1; }
       ^
In file included from /usr/include/c++/4.8/new:39:0,
                 from ../machine/sysdep.cc:43:
/usr/include/c++/4.8/limits:1126:13: error: expected unqualified-id before ‘throw’
       min() _GLIBCXX_USE_NOEXCEPT { return -__LONG_MAX__ - 1; }
             ^
In file included from ../threads/synch.h:24:0,
                 from ../userprog/synchconsole.h:5,
                 from ../threads/system.h:35,
                 from ../machine/sysdep.cc:77:
/usr/include/c++/4.8/limits:1129:7: error: expected ‘;’ at end of member declaration
       max() _GLIBCXX_USE_NOEXCEPT { return __LONG_MAX__; }
       ^
In file included from /usr/include/c++/4.8/new:39:0,
                 from ../machine/sysdep.cc:43:
/usr/include/c++/4.8/limits:1129:13: error: expected unqualified-id before ‘throw’
       max() _GLIBCXX_USE_NOEXCEPT { return __LONG_MAX__; }
             ^
In file included from ../threads/synch.h:24:0,
                 from ../userprog/synchconsole.h:5,
                 from ../threads/system.h:35,
                 from ../machine/sysdep.cc:77:
/usr/include/c++/4.8/limits:1193:7: error: expected ‘;’ at end of member declaration
       min() _GLIBCXX_USE_NOEXCEPT { return 0; }
       ^
In file included from /usr/include/c++/4.8/new:39:0,
                 from ../machine/sysdep.cc:43:
/usr/include/c++/4.8/limits:1193:13: error: expected unqualified-id before ‘throw’
       min() _GLIBCXX_USE_NOEXCEPT { return 0; }
             ^
In file included from ../threads/synch.h:24:0,
                 from ../userprog/synchconsole.h:5,
                 from ../threads/system.h:35,
                 from ../machine/sysdep.cc:77:
/usr/include/c++/4.8/limits:1196:7: error: expected ‘;’ at end of member declaration
       max() _GLIBCXX_USE_NOEXCEPT { return __LONG_MAX__ * 2UL + 1; }
       ^
In file included from /usr/include/c++/4.8/new:39:0,
                 from ../machine/sysdep.cc:43:
/usr/include/c++/4.8/limits:1196:13: error: expected unqualified-id before ‘throw’
       max() _GLIBCXX_USE_NOEXCEPT { return __LONG_MAX__ * 2UL + 1; }
             ^
In file included from ../threads/synch.h:24:0,
                 from ../userprog/synchconsole.h:5,
                 from ../threads/system.h:35,
                 from ../machine/sysdep.cc:77:
/usr/include/c++/4.8/limits:1266:7: error: expected ‘;’ at end of member declaration
       min() _GLIBCXX_USE_NOEXCEPT { return -__LONG_LONG_MAX__ - 1; }
       ^
In file included from /usr/include/c++/4.8/new:39:0,
                 from ../machine/sysdep.cc:43:
/usr/include/c++/4.8/limits:1266:13: error: expected unqualified-id before ‘throw’
       min() _GLIBCXX_USE_NOEXCEPT { return -__LONG_LONG_MAX__ - 1; }
             ^
In file included from ../threads/synch.h:24:0,
                 from ../userprog/synchconsole.h:5,
                 from ../threads/system.h:35,
                 from ../machine/sysdep.cc:77:
/usr/include/c++/4.8/limits:1269:7: error: expected ‘;’ at end of member declaration
       max() _GLIBCXX_USE_NOEXCEPT { return __LONG_LONG_MAX__; }
       ^
In file included from /usr/include/c++/4.8/new:39:0,
                 from ../machine/sysdep.cc:43:
/usr/include/c++/4.8/limits:1269:13: error: expected unqualified-id before ‘throw’
       max() _GLIBCXX_USE_NOEXCEPT { return __LONG_LONG_MAX__; }
             ^
In file included from ../threads/synch.h:24:0,
                 from ../userprog/synchconsole.h:5,
                 from ../threads/system.h:35,
                 from ../machine/sysdep.cc:77:
/usr/include/c++/4.8/limits:1336:7: error: expected ‘;’ at end of member declaration
       min() _GLIBCXX_USE_NOEXCEPT { return 0; }
       ^
In file included from /usr/include/c++/4.8/new:39:0,
                 from ../machine/sysdep.cc:43:
/usr/include/c++/4.8/limits:1336:13: error: expected unqualified-id before ‘throw’
       min() _GLIBCXX_USE_NOEXCEPT { return 0; }
             ^
In file included from ../threads/synch.h:24:0,
                 from ../userprog/synchconsole.h:5,
                 from ../threads/system.h:35,
                 from ../machine/sysdep.cc:77:
/usr/include/c++/4.8/limits:1339:7: error: expected ‘;’ at end of member declaration
       max() _GLIBCXX_USE_NOEXCEPT { return __LONG_LONG_MAX__ * 2ULL + 1; }
       ^
In file included from /usr/include/c++/4.8/new:39:0,
                 from ../machine/sysdep.cc:43:
/usr/include/c++/4.8/limits:1339:13: error: expected unqualified-id before ‘throw’
       max() _GLIBCXX_USE_NOEXCEPT { return __LONG_LONG_MAX__ * 2ULL + 1; }
             ^
In file included from ../threads/synch.h:24:0,
                 from ../userprog/synchconsole.h:5,
                 from ../threads/system.h:35,
                 from ../machine/sysdep.cc:77:
/usr/include/c++/4.8/limits:1558:7: error: expected ‘;’ at end of member declaration
       min() _GLIBCXX_USE_NOEXCEPT { return __FLT_MIN__; }
       ^
In file included from /usr/include/c++/4.8/new:39:0,
                 from ../machine/sysdep.cc:43:
/usr/include/c++/4.8/limits:1558:13: error: expected unqualified-id before ‘throw’
       min() _GLIBCXX_USE_NOEXCEPT { return __FLT_MIN__; }
             ^
In file included from ../threads/synch.h:24:0,
                 from ../userprog/synchconsole.h:5,
                 from ../threads/system.h:35,
                 from ../machine/sysdep.cc:77:
/usr/include/c++/4.8/limits:1561:7: error: expected ‘;’ at end of member declaration
       max() _GLIBCXX_USE_NOEXCEPT { return __FLT_MAX__; }
       ^
In file included from /usr/include/c++/4.8/new:39:0,
                 from ../machine/sysdep.cc:43:
/usr/include/c++/4.8/limits:1561:13: error: expected unqualified-id before ‘throw’
       max() _GLIBCXX_USE_NOEXCEPT { return __FLT_MAX__; }
             ^
In file included from ../threads/synch.h:24:0,
                 from ../userprog/synchconsole.h:5,
                 from ../threads/system.h:35,
                 from ../machine/sysdep.cc:77:
/usr/include/c++/4.8/limits:1633:7: error: expected ‘;’ at end of member declaration
       min() _GLIBCXX_USE_NOEXCEPT { return __DBL_MIN__; }
       ^
In file included from /usr/include/c++/4.8/new:39:0,
                 from ../machine/sysdep.cc:43:
/usr/include/c++/4.8/limits:1633:13: error: expected unqualified-id before ‘throw’
       min() _GLIBCXX_USE_NOEXCEPT { return __DBL_MIN__; }
             ^
In file included from ../threads/synch.h:24:0,
                 from ../userprog/synchconsole.h:5,
                 from ../threads/system.h:35,
                 from ../machine/sysdep.cc:77:
/usr/include/c++/4.8/limits:1636:7: error: expected ‘;’ at end of member declaration
       max() _GLIBCXX_USE_NOEXCEPT { return __DBL_MAX__; }
       ^
In file included from /usr/include/c++/4.8/new:39:0,
                 from ../machine/sysdep.cc:43:
/usr/include/c++/4.8/limits:1636:13: error: expected unqualified-id before ‘throw’
       max() _GLIBCXX_USE_NOEXCEPT { return __DBL_MAX__; }
             ^
In file included from ../threads/synch.h:24:0,
                 from ../userprog/synchconsole.h:5,
                 from ../threads/system.h:35,
                 from ../machine/sysdep.cc:77:
/usr/include/c++/4.8/limits:1708:7: error: expected ‘;’ at end of member declaration
       min() _GLIBCXX_USE_NOEXCEPT { return __LDBL_MIN__; }
       ^
In file included from /usr/include/c++/4.8/new:39:0,
                 from ../machine/sysdep.cc:43:
/usr/include/c++/4.8/limits:1708:13: error: expected unqualified-id before ‘throw’
       min() _GLIBCXX_USE_NOEXCEPT { return __LDBL_MIN__; }
             ^
In file included from ../threads/synch.h:24:0,
                 from ../userprog/synchconsole.h:5,
                 from ../threads/system.h:35,
                 from ../machine/sysdep.cc:77:
/usr/include/c++/4.8/limits:1711:7: error: expected ‘;’ at end of member declaration
       max() _GLIBCXX_USE_NOEXCEPT { return __LDBL_MAX__; }
       ^
In file included from /usr/include/c++/4.8/new:39:0,
                 from ../machine/sysdep.cc:43:
/usr/include/c++/4.8/limits:1711:13: error: expected unqualified-id before ‘throw’
       max() _GLIBCXX_USE_NOEXCEPT { return __LDBL_MAX__; }
             ^
../Makefile.common:132: recipe for target 'sysdep.o' failed
make[1]: *** [sysdep.o] Error 1
make[1]: Leaving directory '/home/f85/pjfavalo/cs444/nachos2/userprog'
Makefile:10: recipe for target 'all' failed
make: *** [all] Error 2
